#
# A fatal error has been detected by the Java Runtime Environment:
#
#  SIGSEGV (0xb) at pc=0x000000010fa074a0, pid=12130, tid=0x0000000000000103
#
# JRE version: Java(TM) SE Runtime Environment (8.0_151-b12) (build 1.8.0_151-b12)
# Java VM: Java HotSpot(TM) 64-Bit Server VM (25.151-b12 mixed mode bsd-amd64 compressed oops)
# Problematic frame:
# J 920 C1 Knight.isPath([[III[[Z)Z (271 bytes) @ 0x000000010fa074a0 [0x000000010fa07480+0x20]
#
# Failed to write core dump. Core dumps have been disabled. To enable core dumping, try "ulimit -c unlimited" before starting Java again
#
# If you would like to submit a bug report, please visit:
#   http://bugreport.java.com/bugreport/crash.jsp
#

---------------  T H R E A D  ---------------

Current thread (0x00007fc6b91b7800):  JavaThread "JavaFX Application Thread" [_thread_in_Java, id=259, stack(0x000000030beea000,0x000000030c6ea000)]

siginfo: si_signo: 11 (SIGSEGV), si_code: 1 (SEGV_MAPERR), si_addr: 0x000000030beedfc8

Registers:
RAX=0x0000000127b41da0, RBX=0x000000076c4afc08, RCX=0x0000000000000004, RDX=0x000000076c4afc08
RSP=0x000000030bf01fc8, RBP=0x000000030c6ae780, RSI=0x000000076c177078, RDI=0x0000000000000004
R8 =0x0000000000000008, R9 =0x000000076c4b0540, R10=0x000000010e133fa0, R11=0x0000000000000008
R12=0x0000000000000000, R13=0x000000076c4b0540, R14=0x000000076c177078, R15=0x00007fc6b91b7800
RIP=0x000000010fa074a0, EFLAGS=0x0000000000000202, ERR=0x0000000000000006
  TRAPNO=0x000000000000000e

Top of Stack: (sp=0x000000030bf01fc8)
0x000000030bf01fc8:   000000010fa0780c 0000000000000000
0x000000030bf01fd8:   0000000000000000 0000000000000000
0x000000030bf01fe8:   0000000000000000 0000000000000000
0x000000030bf01ff8:   0000000000000000 0000000000000000
0x000000030bf02008:   0000000000000000 0000000000000000
0x000000030bf02018:   0000000000000000 0000000300000008
0x000000030bf02028:   000000076c177078 000000076c4afc08
0x000000030bf02038:   000000076c4b0540 0000000000000004
0x000000030bf02048:   0000000000000000 0000000000000000
0x000000030bf02058:   0000000000000000 000000030c6ae780
0x000000030bf02068:   000000010fa0780c 0000000000000000
0x000000030bf02078:   0000000000000000 0000000000000000
0x000000030bf02088:   0000000000000000 0000000000000000
0x000000030bf02098:   0000000000000000 0000000000000000
0x000000030bf020a8:   0000000000000000 0000000000000000
0x000000030bf020b8:   0000000000000000 0000000200000008
0x000000030bf020c8:   000000076c177078 000000076c4afc08
0x000000030bf020d8:   000000076c4b0540 0000000000000003
0x000000030bf020e8:   0000000000000000 0000000000000000
0x000000030bf020f8:   0000000000000000 000000030c6ae780
0x000000030bf02108:   000000010fa0790c 0000000000000000
0x000000030bf02118:   0000000000000000 0000000000000000
0x000000030bf02128:   0000000000000000 0000000000000000
0x000000030bf02138:   0000000000000000 0000000000000000
0x000000030bf02148:   0000000000000000 0000000000000000
0x000000030bf02158:   0000000000000000 0000000300000008
0x000000030bf02168:   000000076c177078 000000076c4afc08
0x000000030bf02178:   000000076c4b0540 0000000700000004
0x000000030bf02188:   0000000000000002 0000000000000000
0x000000030bf02198:   0000000000000000 000000030c6ae780
0x000000030bf021a8:   000000010fa0780c 0000000000000000
0x000000030bf021b8:   0000000000000000 0000000000000000 

Instructions: (pc=0x000000010fa074a0)
0x000000010fa07480:   44 8b 56 08 49 c1 e2 03 4c 3b d0 0f 85 8f 19 d1
0x000000010fa07490:   ff 66 66 66 0f 1f 84 00 00 00 00 00 66 66 66 90
0x000000010fa074a0:   89 84 24 00 c0 fe ff 55 48 81 ec 90 00 00 00 48
0x000000010fa074b0:   bf a0 1d b4 27 01 00 00 00 8b 9f dc 00 00 00 83 

Register to memory mapping:

RAX=0x0000000127b41da0 is pointing into metadata
RBX=0x000000076c4afc08 is an oop
[[I 
 - klass: {type array int}[]
 - length: 16
RCX=0x0000000000000004 is an unknown value
RDX=0x000000076c4afc08 is an oop
[[I 
 - klass: {type array int}[]
 - length: 16
RSP=0x000000030bf01fc8 is pointing into the stack for thread: 0x00007fc6b91b7800
RBP=0x000000030c6ae780 is pointing into the stack for thread: 0x00007fc6b91b7800
RSI=0x000000076c177078 is an oop
Knight 
 - klass: 'Knight'
RDI=0x0000000000000004 is an unknown value
R8 =0x0000000000000008 is an unknown value
R9 =0x000000076c4b0540 is an oop
[[Z 
 - klass: {type array bool}[]
 - length: 15
R10=0x000000010e133fa0: _ZN19TemplateInterpreter20_invoke_return_entryE+0 in /Library/Java/JavaVirtualMachines/jdk1.8.0_151.jdk/Contents/Home/jre/lib/server/libjvm.dylib at 0x000000010d83f000
R11=0x0000000000000008 is an unknown value
R12=0x0000000000000000 is an unknown value
R13=0x000000076c4b0540 is an oop
[[Z 
 - klass: {type array bool}[]
 - length: 15
R14=0x000000076c177078 is an oop
Knight 
 - klass: 'Knight'
R15=0x00007fc6b91b7800 is a thread


Stack: [0x000000030beea000,0x000000030c6ea000],  sp=0x000000030bf01fc8,  free space=95k
Native frames: (J=compiled Java code, j=interpreted, Vv=VM code, C=native code)
J 920 C1 Knight.isPath([[III[[Z)Z (271 bytes) @ 0x000000010fa074a0 [0x000000010fa07480+0x20]
C  0x000000030c6ae780


---------------  P R O C E S S  ---------------

Java Threads: ( => current thread )
  0x00007fc6a8865000 JavaThread "JavaFX-Launcher" [_thread_blocked, id=86311, stack(0x000000030e04c000,0x000000030e14c000)]
  0x00007fc6ba098000 JavaThread "Thread-3" daemon [_thread_in_native, id=61699, stack(0x000000030df46000,0x000000030dfc6000)]
=>0x00007fc6b91b7800 JavaThread "JavaFX Application Thread" [_thread_in_Java, id=259, stack(0x000000030beea000,0x000000030c6ea000)]
  0x00007fc6b8995000 JavaThread "Thread-1" daemon [_thread_blocked, id=42275, stack(0x000000030de43000,0x000000030df43000)]
  0x00007fc6ba085000 JavaThread "QuantumRenderer-0" daemon [_thread_blocked, id=30359, stack(0x000000030dcb8000,0x000000030ddb8000)]
  0x00007fc6b9023000 JavaThread "Service Thread" daemon [_thread_blocked, id=31239, stack(0x000000030dab2000,0x000000030dbb2000)]
  0x00007fc6ba009000 JavaThread "C1 CompilerThread3" daemon [_thread_blocked, id=23299, stack(0x000000030d9af000,0x000000030daaf000)]
  0x00007fc6b9022800 JavaThread "C2 CompilerThread2" daemon [_thread_in_native, id=32003, stack(0x000000030d8ac000,0x000000030d9ac000)]
  0x00007fc6b9026000 JavaThread "C2 CompilerThread1" daemon [_thread_blocked, id=22531, stack(0x000000030d7a9000,0x000000030d8a9000)]
  0x00007fc6b8888800 JavaThread "C2 CompilerThread0" daemon [_thread_blocked, id=32515, stack(0x000000030d6a6000,0x000000030d7a6000)]
  0x00007fc6b8859800 JavaThread "Signal Dispatcher" daemon [_thread_blocked, id=21763, stack(0x000000030d5a3000,0x000000030d6a3000)]
  0x00007fc6b901e000 JavaThread "Finalizer" daemon [_thread_blocked, id=16927, stack(0x000000030d392000,0x000000030d492000)]
  0x00007fc6b8853000 JavaThread "Reference Handler" daemon [_thread_blocked, id=21283, stack(0x000000030d28f000,0x000000030d38f000)]
  0x00007fc6b900b800 JavaThread "main" [_thread_blocked, id=5635, stack(0x000000030c76e000,0x000000030c86e000)]

Other Threads:
  0x00007fc6b884e800 VMThread [stack: 0x000000030d18c000,0x000000030d28c000] [id=16387]
  0x00007fc6ba00a800 WatcherThread [stack: 0x000000030dbb5000,0x000000030dcb5000] [id=23815]

VM state:not at safepoint (normal execution)

VM Mutex/Monitor currently owned by a thread: None

Heap:
 PSYoungGen      total 76288K, used 27312K [0x000000076ab00000, 0x0000000770000000, 0x00000007c0000000)
  eden space 65536K, 41% used [0x000000076ab00000,0x000000076c5ac3f0,0x000000076eb00000)
  from space 10752K, 0% used [0x000000076f580000,0x000000076f580000,0x0000000770000000)
  to   space 10752K, 0% used [0x000000076eb00000,0x000000076eb00000,0x000000076f580000)
 ParOldGen       total 175104K, used 0K [0x00000006c0000000, 0x00000006cab00000, 0x000000076ab00000)
  object space 175104K, 0% used [0x00000006c0000000,0x00000006c0000000,0x00000006cab00000)
 Metaspace       used 11195K, capacity 11698K, committed 11904K, reserved 1058816K
  class space    used 1519K, capacity 1657K, committed 1664K, reserved 1048576K

Card table byte_map: [0x000000010cdae000,0x000000010d5af000] byte_map_base: 0x00000001097ae000

Marking Bits: (ParMarkBitMap*) 0x000000010e1325d0
 Begin Bits: [0x000000011ec29000, 0x0000000122c29000)
 End Bits:   [0x0000000122c29000, 0x0000000126c29000)

Polling page: 0x000000010c8d9000

CodeCache: size=245760Kb used=3283Kb max_used=3283Kb free=242476Kb
 bounds [0x000000010f6d3000, 0x000000010fa13000, 0x000000011e6d3000]
 total_blobs=1520 nmethods=921 adapters=514
 compilation: enabled

Compilation events (10 events):
Event: 2.379 Thread 0x00007fc6ba009000 nmethod 919 0x000000010fa06490 code [0x000000010fa06600, 0x000000010fa06810]
Event: 2.379 Thread 0x00007fc6ba009000  917       1       javafx.scene.input.KeyCode::impl_getCode (5 bytes)
Event: 2.379 Thread 0x00007fc6ba009000 nmethod 917 0x000000010fa06910 code [0x000000010fa06a60, 0x000000010fa06b70]
Event: 2.379 Thread 0x00007fc6ba009000  918       3       java.lang.Integer::valueOf (32 bytes)
Event: 2.379 Thread 0x00007fc6ba009000 nmethod 918 0x000000010fa06bd0 code [0x000000010fa06d60, 0x000000010fa070b0]
Event: 2.380 Thread 0x00007fc6ba009000  920       3       Knight::isPath (271 bytes)
Event: 2.380 Thread 0x00007fc6ba009000 nmethod 920 0x000000010fa07250 code [0x000000010fa07480, 0x000000010fa07e58]
Event: 2.380 Thread 0x00007fc6ba009000  921       3       Knight::isSafe (26 bytes)
Event: 2.380 Thread 0x00007fc6ba009000 nmethod 921 0x000000010fa08990 code [0x000000010fa08b00, 0x000000010fa08d90]
Event: 2.381 Thread 0x00007fc6b9022800  922       4       Knight::isPath (271 bytes)

GC Heap History (0 events):
No events

Deoptimization events (3 events):
Event: 0.555 Thread 0x00007fc6b91b7800 Uncommon trap: reason=unstable_if action=reinterpret pc=0x000000010f888ba0 method=java.lang.String.replace(CC)Ljava/lang/String; @ 26
Event: 0.796 Thread 0x00007fc6b91b7800 Uncommon trap: reason=unstable_if action=reinterpret pc=0x000000010f8ac7a8 method=java.lang.String.indexOf([CII[CIII)I @ 134
Event: 1.046 Thread 0x00007fc6ba085000 Uncommon trap: reason=unstable_if action=reinterpret pc=0x000000010f9408c4 method=sun.net.www.ParseUtil.encodePath(Ljava/lang/String;Z)Ljava/lang/String; @ 109

Internal exceptions (10 events):
Event: 0.246 Thread 0x00007fc6b900b800 Exception <a 'java/lang/NullPointerException'> (0x000000076ae55550) thrown at [/Users/java_re/workspace/8-2-build-macosx-x86_64/jdk8u151/9699/hotspot/src/share/vm/interpreter/linkResolver.cpp, line 1183]
Event: 0.613 Thread 0x00007fc6b91b7800 Exception <a 'java/io/FileNotFoundException'> (0x000000076b845b68) thrown at [/Users/java_re/workspace/8-2-build-macosx-x86_64/jdk8u151/9699/hotspot/src/share/vm/prims/jni.cpp, line 709]
Event: 0.699 Thread 0x00007fc6b91b7800 Exception <a 'java/lang/NullPointerException'> (0x000000076ba95d08) thrown at [/Users/java_re/workspace/8-2-build-macosx-x86_64/jdk8u151/9699/hotspot/src/share/vm/interpreter/linkResolver.cpp, line 1183]
Event: 0.699 Thread 0x00007fc6b91b7800 Exception <a 'java/lang/NullPointerException'> (0x000000076ba95d08) thrown at [/Users/java_re/workspace/8-2-build-macosx-x86_64/jdk8u151/9699/hotspot/src/share/vm/prims/jvm.cpp, line 1394]
Event: 0.707 Thread 0x00007fc6b91b7800 Exception <a 'java/io/FileNotFoundException'> (0x000000076bab4700) thrown at [/Users/java_re/workspace/8-2-build-macosx-x86_64/jdk8u151/9699/hotspot/src/share/vm/prims/jni.cpp, line 709]
Event: 0.770 Thread 0x00007fc6b91b7800 Exception <a 'java/io/FileNotFoundException'> (0x000000076bbd6418) thrown at [/Users/java_re/workspace/8-2-build-macosx-x86_64/jdk8u151/9699/hotspot/src/share/vm/prims/jni.cpp, line 709]
Event: 0.940 Thread 0x00007fc6b91b7800 Exception <a 'java/io/FileNotFoundException'> (0x000000076c050aa0) thrown at [/Users/java_re/workspace/8-2-build-macosx-x86_64/jdk8u151/9699/hotspot/src/share/vm/prims/jni.cpp, line 709]
Event: 0.957 Thread 0x00007fc6b91b7800 Exception <a 'java/io/FileNotFoundException'> (0x000000076c160620) thrown at [/Users/java_re/workspace/8-2-build-macosx-x86_64/jdk8u151/9699/hotspot/src/share/vm/prims/jni.cpp, line 709]
Event: 0.958 Thread 0x00007fc6b91b7800 Exception <a 'java/io/FileNotFoundException'> (0x000000076c168c30) thrown at [/Users/java_re/workspace/8-2-build-macosx-x86_64/jdk8u151/9699/hotspot/src/share/vm/prims/jni.cpp, line 709]
Event: 0.961 Thread 0x00007fc6b91b7800 Exception <a 'java/io/FileNotFoundException'> (0x000000076c1788c0) thrown at [/Users/java_re/workspace/8-2-build-macosx-x86_64/jdk8u151/9699/hotspot/src/share/vm/prims/jni.cpp, line 709]

Events (10 events):
Event: 1.232 loading class com/sun/openpisces/Renderer
Event: 1.232 loading class com/sun/openpisces/Renderer done
Event: 1.232 loading class com/sun/openpisces/Dasher
Event: 1.232 loading class com/sun/openpisces/Dasher done
Event: 1.233 loading class com/sun/openpisces/TransformingPathConsumer2D$FilterSet
Event: 1.233 loading class com/sun/openpisces/TransformingPathConsumer2D$FilterSet done
Event: 2.375 loading class com/sun/javafx/tk/quantum/GlassViewEventHandler
Event: 2.375 loading class com/sun/javafx/tk/quantum/GlassViewEventHandler done
Event: 2.377 loading class com/sun/javafx/scene/input/KeyCodeMap
Event: 2.377 loading class com/sun/javafx/scene/input/KeyCodeMap done


Dynamic libraries:
0x0000000010eb8000 	/System/Library/Frameworks/Cocoa.framework/Versions/A/Cocoa
0x0000000010eb8000 	/System/Library/Frameworks/AppKit.framework/Versions/C/AppKit
0x0000000010eb8000 	/System/Library/Frameworks/CoreData.framework/Versions/A/CoreData
0x0000000010eb8000 	/System/Library/Frameworks/Foundation.framework/Versions/C/Foundation
0x0000000010eb8000 	/usr/lib/libSystem.B.dylib
0x0000000010eb8000 	/System/Library/PrivateFrameworks/UIFoundation.framework/Versions/A/UIFoundation
0x0000000010eb8000 	/System/Library/PrivateFrameworks/CollectionViewCore.framework/Versions/A/CollectionViewCore
0x0000000010eb8000 	/System/Library/PrivateFrameworks/RemoteViewServices.framework/Versions/A/RemoteViewServices
0x0000000010eb8000 	/System/Library/PrivateFrameworks/XCTTargetBootstrap.framework/Versions/A/XCTTargetBootstrap
0x0000000010eb8000 	/System/Library/PrivateFrameworks/InternationalSupport.framework/Versions/A/InternationalSupport
0x0000000010eb8000 	/System/Library/PrivateFrameworks/UserActivity.framework/Versions/A/UserActivity
0x0000000010eb8000 	/System/Library/PrivateFrameworks/WindowManagement.framework/Versions/A/WindowManagement
0x0000000010eb8000 	/System/Library/Frameworks/SystemConfiguration.framework/Versions/A/SystemConfiguration
0x0000000010eb8000 	/usr/lib/libspindump.dylib
0x0000000010eb8000 	/System/Library/Frameworks/UniformTypeIdentifiers.framework/Versions/A/UniformTypeIdentifiers
0x0000000010eb8000 	/usr/lib/libapp_launch_measurement.dylib
0x0000000010eb8000 	/System/Library/PrivateFrameworks/CoreAnalytics.framework/Versions/A/CoreAnalytics
0x0000000010eb8000 	/System/Library/PrivateFrameworks/CoreAutoLayout.framework/Versions/A/CoreAutoLayout
0x0000000010eb8000 	/System/Library/Frameworks/Metal.framework/Versions/A/Metal
0x0000000010eb8000 	/usr/lib/liblangid.dylib
0x0000000010eb8000 	/System/Library/PrivateFrameworks/CoreSVG.framework/Versions/A/CoreSVG
0x0000000010eb8000 	/System/Library/PrivateFrameworks/SkyLight.framework/Versions/A/SkyLight
0x0000000010eb8000 	/System/Library/Frameworks/CoreGraphics.framework/Versions/A/CoreGraphics
0x0000000010eb8000 	/System/Library/Frameworks/Accelerate.framework/Versions/A/Accelerate
0x0000000010eb8000 	/System/Library/PrivateFrameworks/IconServices.framework/Versions/A/IconServices
0x0000000010eb8000 	/System/Library/Frameworks/IOSurface.framework/Versions/A/IOSurface
0x0000000010eb8000 	/usr/lib/libDiagnosticMessagesClient.dylib
0x0000000010eb8000 	/usr/lib/libz.1.dylib
0x0000000010eb8000 	/System/Library/Frameworks/ApplicationServices.framework/Versions/A/ApplicationServices
0x0000000010eb8000 	/System/Library/PrivateFrameworks/DFRFoundation.framework/Versions/A/DFRFoundation
0x0000000010eb8000 	/usr/lib/libicucore.A.dylib
0x0000000010eb8000 	/System/Library/Frameworks/AudioToolbox.framework/Versions/A/AudioToolbox
0x0000000010eb8000 	/System/Library/PrivateFrameworks/DataDetectorsCore.framework/Versions/A/DataDetectorsCore
0x0000000010eb8000 	/System/Library/PrivateFrameworks/TextInput.framework/Versions/A/TextInput
0x0000000010eb8000 	/usr/lib/libMobileGestalt.dylib
0x0000000010eb8000 	/System/Library/Frameworks/Carbon.framework/Versions/A/Frameworks/HIToolbox.framework/Versions/A/HIToolbox
0x0000000010eb8000 	/System/Library/Frameworks/QuartzCore.framework/Versions/A/QuartzCore
0x0000000010eb8000 	/System/Library/Frameworks/Security.framework/Versions/A/Security
0x0000000010eb8000 	/System/Library/Frameworks/Carbon.framework/Versions/A/Frameworks/SpeechRecognition.framework/Versions/A/SpeechRecognition
0x0000000010eb8000 	/System/Library/PrivateFrameworks/CoreUI.framework/Versions/A/CoreUI
0x0000000010eb8000 	/System/Library/Frameworks/CoreAudio.framework/Versions/A/CoreAudio
0x0000000010eb8000 	/System/Library/Frameworks/DiskArbitration.framework/Versions/A/DiskArbitration
0x0000000010eb8000 	/System/Library/PrivateFrameworks/MultitouchSupport.framework/Versions/A/MultitouchSupport
0x0000000010eb8000 	/usr/lib/libenergytrace.dylib
0x0000000010eb8000 	/System/Library/Frameworks/IOKit.framework/Versions/A/IOKit
0x0000000010eb8000 	/System/Library/Frameworks/CoreServices.framework/Versions/A/CoreServices
0x0000000010eb8000 	/System/Library/PrivateFrameworks/PerformanceAnalysis.framework/Versions/A/PerformanceAnalysis
0x0000000010eb8000 	/System/Library/Frameworks/OpenGL.framework/Versions/A/OpenGL
0x0000000010eb8000 	/usr/lib/libxml2.2.dylib
0x0000000010eb8000 	/System/Library/PrivateFrameworks/MobileKeyBag.framework/Versions/A/MobileKeyBag
0x0000000010eb8000 	/usr/lib/libobjc.A.dylib
0x0000000010eb8000 	/usr/lib/libc++.1.dylib
0x0000000010eb8000 	/System/Library/Frameworks/ColorSync.framework/Versions/A/ColorSync
0x0000000010eb8000 	/System/Library/Frameworks/CoreFoundation.framework/Versions/A/CoreFoundation
0x0000000010eb8000 	/System/Library/Frameworks/CoreImage.framework/Versions/A/CoreImage
0x0000000010eb8000 	/System/Library/Frameworks/CoreText.framework/Versions/A/CoreText
0x0000000010eb8000 	/System/Library/Frameworks/ImageIO.framework/Versions/A/ImageIO
0x0000000010eb8000 	/System/Library/PrivateFrameworks/SoftLinking.framework/Versions/A/SoftLinking
0x0000000010eb8000 	/usr/lib/libcompression.dylib
0x0000000010eb8000 	/System/Library/PrivateFrameworks/TextureIO.framework/Versions/A/TextureIO
0x0000000010eb8000 	/usr/lib/libate.dylib
0x0000000010eb8000 	/usr/lib/system/libcache.dylib
0x0000000010eb8000 	/usr/lib/system/libcommonCrypto.dylib
0x0000000010eb8000 	/usr/lib/system/libcompiler_rt.dylib
0x0000000010eb8000 	/usr/lib/system/libcopyfile.dylib
0x0000000010eb8000 	/usr/lib/system/libcorecrypto.dylib
0x0000000010eb8000 	/usr/lib/system/libdispatch.dylib
0x0000000010eb8000 	/usr/lib/system/libdyld.dylib
0x0000000010eb8000 	/usr/lib/system/libkeymgr.dylib
0x0000000010eb8000 	/usr/lib/system/libmacho.dylib
0x0000000010eb8000 	/usr/lib/system/libquarantine.dylib
0x0000000010eb8000 	/usr/lib/system/libremovefile.dylib
0x0000000010eb8000 	/usr/lib/system/libsystem_asl.dylib
0x0000000010eb8000 	/usr/lib/system/libsystem_blocks.dylib
0x0000000010eb8000 	/usr/lib/system/libsystem_c.dylib
0x0000000010eb8000 	/usr/lib/system/libsystem_collections.dylib
0x0000000010eb8000 	/usr/lib/system/libsystem_configuration.dylib
0x0000000010eb8000 	/usr/lib/system/libsystem_containermanager.dylib
0x0000000010eb8000 	/usr/lib/system/libsystem_coreservices.dylib
0x0000000010eb8000 	/usr/lib/system/libsystem_darwin.dylib
0x0000000010eb8000 	/usr/lib/system/libsystem_dnssd.dylib
0x0000000010eb8000 	/usr/lib/system/libsystem_featureflags.dylib
0x0000000010eb8000 	/usr/lib/system/libsystem_info.dylib
0x0000000010eb8000 	/usr/lib/system/libsystem_m.dylib
0x0000000010eb8000 	/usr/lib/system/libsystem_malloc.dylib
0x0000000010eb8000 	/usr/lib/system/libsystem_networkextension.dylib
0x0000000010eb8000 	/usr/lib/system/libsystem_notify.dylib
0x0000000010eb8000 	/usr/lib/system/libsystem_sandbox.dylib
0x0000000010eb8000 	/usr/lib/system/libsystem_secinit.dylib
0x0000000010eb8000 	/usr/lib/system/libsystem_kernel.dylib
0x0000000010eb8000 	/usr/lib/system/libsystem_platform.dylib
0x0000000010eb8000 	/usr/lib/system/libsystem_pthread.dylib
0x0000000010eb8000 	/usr/lib/system/libsystem_symptoms.dylib
0x0000000010eb8000 	/usr/lib/system/libsystem_trace.dylib
0x0000000010eb8000 	/usr/lib/system/libunwind.dylib
0x0000000010eb8000 	/usr/lib/system/libxpc.dylib
0x0000000010eb8000 	/usr/lib/libc++abi.dylib
0x0000000010eb8000 	/usr/lib/liboah.dylib
0x0000000010eb8000 	/usr/lib/liblzma.5.dylib
0x0000000010eb8000 	/usr/lib/libfakelink.dylib
0x0000000010eb8000 	/System/Library/Frameworks/CFNetwork.framework/Versions/A/CFNetwork
0x0000000010eb8000 	/usr/lib/libarchive.2.dylib
0x0000000010eb8000 	/System/Library/Frameworks/Combine.framework/Versions/A/Combine
0x0000000010eb8000 	/usr/lib/swift/libswiftCore.dylib
0x0000000010eb8000 	/usr/lib/swift/libswiftCoreFoundation.dylib
0x0000000010eb8000 	/usr/lib/swift/libswiftDarwin.dylib
0x0000000010eb8000 	/usr/lib/swift/libswiftDispatch.dylib
0x0000000010eb8000 	/usr/lib/swift/libswiftIOKit.dylib
0x0000000010eb8000 	/usr/lib/swift/libswiftObjectiveC.dylib
0x0000000010eb8000 	/usr/lib/swift/libswiftXPC.dylib
0x0000000010eb8000 	/usr/lib/swift/libswift_Concurrency.dylib
0x0000000010eb8000 	/usr/lib/swift/libswift_StringProcessing.dylib
0x0000000010eb8000 	/usr/lib/swift/libswiftos.dylib
0x0000000010eb8000 	/System/Library/PrivateFrameworks/CoreServicesInternal.framework/Versions/A/CoreServicesInternal
0x0000000010eb8000 	/usr/lib/libbsm.0.dylib
0x0000000010eb8000 	/usr/lib/system/libkxld.dylib
0x0000000010eb8000 	/System/Library/Frameworks/CoreServices.framework/Versions/A/Frameworks/FSEvents.framework/Versions/A/FSEvents
0x0000000010eb8000 	/System/Library/Frameworks/CoreServices.framework/Versions/A/Frameworks/CarbonCore.framework/Versions/A/CarbonCore
0x0000000010eb8000 	/System/Library/Frameworks/CoreServices.framework/Versions/A/Frameworks/Metadata.framework/Versions/A/Metadata
0x0000000010eb8000 	/System/Library/Frameworks/CoreServices.framework/Versions/A/Frameworks/OSServices.framework/Versions/A/OSServices
0x0000000010eb8000 	/System/Library/Frameworks/CoreServices.framework/Versions/A/Frameworks/SearchKit.framework/Versions/A/SearchKit
0x0000000010eb8000 	/System/Library/Frameworks/CoreServices.framework/Versions/A/Frameworks/AE.framework/Versions/A/AE
0x0000000010eb8000 	/System/Library/Frameworks/CoreServices.framework/Versions/A/Frameworks/LaunchServices.framework/Versions/A/LaunchServices
0x0000000010eb8000 	/System/Library/Frameworks/CoreServices.framework/Versions/A/Frameworks/DictionaryServices.framework/Versions/A/DictionaryServices
0x0000000010eb8000 	/System/Library/Frameworks/CoreServices.framework/Versions/A/Frameworks/SharedFileList.framework/Versions/A/SharedFileList
0x0000000010eb8000 	/usr/lib/libapple_nghttp2.dylib
0x0000000010eb8000 	/usr/lib/libnetwork.dylib
0x0000000010eb8000 	/usr/lib/libsqlite3.dylib
0x0000000010eb8000 	/System/Library/Frameworks/Network.framework/Versions/A/Network
0x0000000010eb8000 	/usr/lib/libCoreEntitlements.dylib
0x0000000010eb8000 	/System/Library/PrivateFrameworks/MessageSecurity.framework/Versions/A/MessageSecurity
0x0000000010eb8000 	/System/Library/PrivateFrameworks/ProtocolBuffer.framework/Versions/A/ProtocolBuffer
0x0000000010eb8000 	/System/Library/PrivateFrameworks/AppleFSCompression.framework/Versions/A/AppleFSCompression
0x0000000010eb8000 	/usr/lib/libcoretls.dylib
0x0000000010eb8000 	/usr/lib/libcoretls_cfhelpers.dylib
0x0000000010eb8000 	/usr/lib/libpam.2.dylib
0x0000000010eb8000 	/usr/lib/libxar.1.dylib
0x0000000010eb8000 	/usr/lib/libheimdal-asn1.dylib
0x0000000010eb8000 	/usr/lib/libpcap.A.dylib
0x0000000010eb8000 	/usr/lib/libdns_services.dylib
0x0000000010eb8000 	/System/Library/PrivateFrameworks/AppleSystemInfo.framework/Versions/A/AppleSystemInfo
0x0000000010eb8000 	/System/Library/PrivateFrameworks/IOMobileFramebuffer.framework/Versions/A/IOMobileFramebuffer
0x0000000010eb8000 	/usr/lib/libbz2.1.0.dylib
0x0000000010eb8000 	/usr/lib/libCheckFix.dylib
0x0000000010eb8000 	/System/Library/PrivateFrameworks/TCC.framework/Versions/A/TCC
0x0000000010eb8000 	/System/Library/PrivateFrameworks/CoreNLP.framework/Versions/A/CoreNLP
0x0000000010eb8000 	/System/Library/PrivateFrameworks/MetadataUtilities.framework/Versions/A/MetadataUtilities
0x0000000010eb8000 	/usr/lib/libmecab.dylib
0x0000000010eb8000 	/usr/lib/libCRFSuite.dylib
0x0000000010eb8000 	/usr/lib/libgermantok.dylib
0x0000000010eb8000 	/usr/lib/libThaiTokenizer.dylib
0x0000000010eb8000 	/System/Library/Frameworks/Accelerate.framework/Versions/A/Frameworks/vImage.framework/Versions/A/vImage
0x0000000010eb8000 	/System/Library/Frameworks/Accelerate.framework/Versions/A/Frameworks/vecLib.framework/Versions/A/vecLib
0x0000000010eb8000 	/System/Library/Frameworks/Accelerate.framework/Versions/A/Frameworks/vecLib.framework/Versions/A/libvMisc.dylib
0x0000000010eb8000 	/System/Library/Frameworks/Accelerate.framework/Versions/A/Frameworks/vecLib.framework/Versions/A/libvDSP.dylib
0x0000000010eb8000 	/System/Library/Frameworks/Accelerate.framework/Versions/A/Frameworks/vecLib.framework/Versions/A/libBLAS.dylib
0x0000000010eb8000 	/System/Library/Frameworks/Accelerate.framework/Versions/A/Frameworks/vecLib.framework/Versions/A/libLAPACK.dylib
0x0000000010eb8000 	/System/Library/Frameworks/Accelerate.framework/Versions/A/Frameworks/vecLib.framework/Versions/A/libLinearAlgebra.dylib
0x0000000010eb8000 	/System/Library/Frameworks/Accelerate.framework/Versions/A/Frameworks/vecLib.framework/Versions/A/libSparseBLAS.dylib
0x0000000010eb8000 	/System/Library/Frameworks/Accelerate.framework/Versions/A/Frameworks/vecLib.framework/Versions/A/libQuadrature.dylib
0x0000000010eb8000 	/System/Library/Frameworks/Accelerate.framework/Versions/A/Frameworks/vecLib.framework/Versions/A/libBNNS.dylib
0x0000000010eb8000 	/System/Library/Frameworks/Accelerate.framework/Versions/A/Frameworks/vecLib.framework/Versions/A/libSparse.dylib
0x0000000010eb8000 	/System/Library/PrivateFrameworks/MIL.framework/Versions/A/MIL
0x0000000010eb8000 	/usr/lib/libiconv.2.dylib
0x0000000010eb8000 	/usr/lib/libcharset.1.dylib
0x0000000010eb8000 	/System/Library/Frameworks/OpenDirectory.framework/Versions/A/Frameworks/CFOpenDirectory.framework/Versions/A/CFOpenDirectory
0x0000000010eb8000 	/System/Library/Frameworks/OpenDirectory.framework/Versions/A/OpenDirectory
0x0000000010eb8000 	/System/Library/PrivateFrameworks/APFS.framework/Versions/A/APFS
0x0000000010eb8000 	/System/Library/Frameworks/SecurityFoundation.framework/Versions/A/SecurityFoundation
0x0000000010eb8000 	/usr/lib/libutil.dylib
0x0000000010eb8000 	/System/Library/PrivateFrameworks/InstalledContentLibrary.framework/Versions/A/InstalledContentLibrary
0x0000000010eb8000 	/System/Library/PrivateFrameworks/CoreServicesStore.framework/Versions/A/CoreServicesStore
0x0000000010eb8000 	/System/Library/PrivateFrameworks/AppleMobileFileIntegrity.framework/Versions/A/AppleMobileFileIntegrity
0x0000000010eb8000 	/usr/lib/libmis.dylib
0x0000000010eb8000 	/System/Library/PrivateFrameworks/MobileSystemServices.framework/Versions/A/MobileSystemServices
0x0000000010eb8000 	/System/Library/PrivateFrameworks/ConfigProfileHelper.framework/Versions/A/ConfigProfileHelper
0x0000000010eb8000 	/System/Library/PrivateFrameworks/AppleSauce.framework/Versions/A/AppleSauce
0x0000000010eb8000 	/System/Library/PrivateFrameworks/LanguageModeling.framework/Versions/A/LanguageModeling
0x0000000010eb8000 	/usr/lib/libxslt.1.dylib
0x0000000010eb8000 	/usr/lib/libcmph.dylib
0x0000000010eb8000 	/System/Library/PrivateFrameworks/CoreEmoji.framework/Versions/A/CoreEmoji
0x0000000010eb8000 	/System/Library/PrivateFrameworks/LinguisticData.framework/Versions/A/LinguisticData
0x0000000010eb8000 	/System/Library/PrivateFrameworks/Lexicon.framework/Versions/A/Lexicon
0x0000000010eb8000 	/System/Library/PrivateFrameworks/BackgroundTaskManagement.framework/Versions/A/BackgroundTaskManagement
0x0000000010eb8000 	/usr/lib/libTLE.dylib
0x0000000010eb8000 	/usr/lib/swift/libswift_RegexParser.dylib
0x0000000010eb8000 	/System/Library/PrivateFrameworks/AppleJPEG.framework/Versions/A/AppleJPEG
0x0000000010eb8000 	/usr/lib/libexpat.1.dylib
0x0000000010eb8000 	/System/Library/Frameworks/ImageIO.framework/Versions/A/Resources/libPng.dylib
0x0000000010eb8000 	/System/Library/Frameworks/ImageIO.framework/Versions/A/Resources/libTIFF.dylib
0x0000000010eb8000 	/System/Library/Frameworks/ImageIO.framework/Versions/A/Resources/libGIF.dylib
0x0000000010eb8000 	/System/Library/Frameworks/ImageIO.framework/Versions/A/Resources/libJP2.dylib
0x0000000010eb8000 	/System/Library/Frameworks/ImageIO.framework/Versions/A/Resources/libJPEG.dylib
0x0000000010eb8000 	/System/Library/Frameworks/ImageIO.framework/Versions/A/Resources/libRadiance.dylib
0x0000000010eb8000 	/System/Library/PrivateFrameworks/FontServices.framework/libFontParser.dylib
0x0000000010eb8000 	/System/Library/PrivateFrameworks/RunningBoardServices.framework/Versions/A/RunningBoardServices
0x0000000010eb8000 	/System/Library/PrivateFrameworks/IOSurfaceAccelerator.framework/Versions/A/IOSurfaceAccelerator
0x0000000010eb8000 	/System/Library/PrivateFrameworks/WatchdogClient.framework/Versions/A/WatchdogClient
0x0000000010eb8000 	/System/Library/Frameworks/CoreDisplay.framework/Versions/A/CoreDisplay
0x0000000010eb8000 	/System/Library/Frameworks/CoreMedia.framework/Versions/A/CoreMedia
0x0000000010eb8000 	/System/Library/PrivateFrameworks/IOAccelerator.framework/Versions/A/IOAccelerator
0x0000000010eb8000 	/System/Library/Frameworks/CoreVideo.framework/Versions/A/CoreVideo
0x0000000010eb8000 	/System/Library/Frameworks/MetalPerformanceShaders.framework/Versions/A/MetalPerformanceShaders
0x0000000010eb8000 	/System/Library/Frameworks/VideoToolbox.framework/Versions/A/VideoToolbox
0x0000000010eb8000 	/System/Library/PrivateFrameworks/BaseBoard.framework/Versions/A/BaseBoard
0x0000000010eb8000 	/System/Library/PrivateFrameworks/GPUWrangler.framework/Versions/A/GPUWrangler
0x0000000010eb8000 	/System/Library/PrivateFrameworks/IOPresentment.framework/Versions/A/IOPresentment
0x0000000010eb8000 	/System/Library/PrivateFrameworks/DSExternalDisplay.framework/Versions/A/DSExternalDisplay
0x0000000010eb8000 	/System/Library/PrivateFrameworks/GPUCompiler.framework/Versions/31001/Libraries/libllvm-flatbuffers.dylib
0x0000000010eb8000 	/System/Library/Frameworks/OpenGL.framework/Versions/A/Libraries/libCoreFSCache.dylib
0x0000000010eb8000 	/System/Library/PrivateFrameworks/GPUCompiler.framework/Versions/31001/Libraries/libGPUCompilerUtils.dylib
0x0000000010eb8000 	/System/Library/PrivateFrameworks/CMCaptureCore.framework/Versions/A/CMCaptureCore
0x0000000010eb8000 	/System/Library/Frameworks/ExtensionFoundation.framework/Versions/A/ExtensionFoundation
0x0000000010eb8000 	/System/Library/PrivateFrameworks/CoreTime.framework/Versions/A/CoreTime
0x0000000010eb8000 	/System/Library/PrivateFrameworks/AppServerSupport.framework/Versions/A/AppServerSupport
0x0000000010eb8000 	/System/Library/PrivateFrameworks/perfdata.framework/Versions/A/perfdata
0x0000000010eb8000 	/System/Library/PrivateFrameworks/AudioToolboxCore.framework/Versions/A/AudioToolboxCore
0x0000000010eb8000 	/System/Library/PrivateFrameworks/caulk.framework/Versions/A/caulk
0x0000000010eb8000 	/usr/lib/libAudioStatistics.dylib
0x0000000010eb8000 	/System/Library/PrivateFrameworks/SystemPolicy.framework/Versions/A/SystemPolicy
0x0000000010eb8000 	/usr/lib/libSMC.dylib
0x0000000010eb8000 	/System/Library/Frameworks/CoreMIDI.framework/Versions/A/CoreMIDI
0x0000000010eb8000 	/usr/lib/libAudioToolboxUtility.dylib
0x0000000010eb8000 	/System/Library/PrivateFrameworks/OSAServicesClient.framework/Versions/A/OSAServicesClient
0x0000000010eb8000 	/usr/lib/libperfcheck.dylib
0x0000000010eb8000 	/System/Library/PrivateFrameworks/PlugInKit.framework/Versions/A/PlugInKit
0x0000000010eb8000 	/System/Library/PrivateFrameworks/AssertionServices.framework/Versions/A/AssertionServices
0x0000000010eb8000 	/System/Library/Frameworks/OpenGL.framework/Versions/A/Libraries/libGLU.dylib
0x0000000010eb8000 	/System/Library/Frameworks/OpenGL.framework/Versions/A/Libraries/libGFXShared.dylib
0x0000000010eb8000 	/System/Library/Frameworks/OpenGL.framework/Versions/A/Libraries/libGL.dylib
0x0000000010eb8000 	/System/Library/Frameworks/OpenGL.framework/Versions/A/Libraries/libGLImage.dylib
0x0000000010eb8000 	/System/Library/Frameworks/OpenGL.framework/Versions/A/Libraries/libCVMSPluginSupport.dylib
0x0000000010eb8000 	/usr/lib/libRosetta.dylib
0x0000000010eb8000 	/System/Library/Frameworks/OpenGL.framework/Versions/A/Libraries/libCoreVMClient.dylib
0x0000000010eb8000 	/System/Library/Frameworks/MetalPerformanceShaders.framework/Versions/A/Frameworks/MPSCore.framework/Versions/A/MPSCore
0x0000000010eb8000 	/System/Library/Frameworks/MetalPerformanceShaders.framework/Versions/A/Frameworks/MPSImage.framework/Versions/A/MPSImage
0x0000000010eb8000 	/System/Library/Frameworks/MetalPerformanceShaders.framework/Versions/A/Frameworks/MPSNeuralNetwork.framework/Versions/A/MPSNeuralNetwork
0x0000000010eb8000 	/System/Library/Frameworks/MetalPerformanceShaders.framework/Versions/A/Frameworks/MPSMatrix.framework/Versions/A/MPSMatrix
0x0000000010eb8000 	/System/Library/Frameworks/MetalPerformanceShaders.framework/Versions/A/Frameworks/MPSRayIntersector.framework/Versions/A/MPSRayIntersector
0x0000000010eb8000 	/System/Library/Frameworks/MetalPerformanceShaders.framework/Versions/A/Frameworks/MPSNDArray.framework/Versions/A/MPSNDArray
0x0000000010eb8000 	/System/Library/Frameworks/MetalPerformanceShaders.framework/Versions/A/Frameworks/MPSFunctions.framework/Versions/A/MPSFunctions
0x0000000010eb8000 	/System/Library/PrivateFrameworks/MetalTools.framework/Versions/A/MetalTools
0x0000000010eb8000 	/System/Library/PrivateFrameworks/AggregateDictionary.framework/Versions/A/AggregateDictionary
0x0000000010eb8000 	/usr/lib/libIOReport.dylib
0x0000000010eb8000 	/System/Library/Frameworks/OpenCL.framework/Versions/A/OpenCL
0x0000000010eb8000 	/System/Library/PrivateFrameworks/GraphVisualizer.framework/Versions/A/GraphVisualizer
0x0000000010eb8000 	/System/Library/PrivateFrameworks/FontServices.framework/Versions/A/FontServices
0x0000000010eb8000 	/System/Library/PrivateFrameworks/OTSVG.framework/Versions/A/OTSVG
0x0000000010eb8000 	/System/Library/Frameworks/ApplicationServices.framework/Versions/A/Frameworks/ATS.framework/Versions/A/Resources/libFontRegistry.dylib
0x0000000010eb8000 	/System/Library/PrivateFrameworks/FontServices.framework/libhvf.dylib
0x0000000010eb8000 	/System/Library/PrivateFrameworks/FontServices.framework/libXTFontStaticRegistryData.dylib
0x0000000010eb8000 	/System/Library/PrivateFrameworks/VideoToolboxParavirtualizationSupport.framework/Versions/A/VideoToolboxParavirtualizationSupport
0x0000000010eb8000 	/System/Library/PrivateFrameworks/AppleVA.framework/Versions/A/AppleVA
0x0000000010eb8000 	/System/Library/Frameworks/ApplicationServices.framework/Versions/A/Frameworks/ATS.framework/Versions/A/ATS
0x0000000010eb8000 	/System/Library/Frameworks/ApplicationServices.framework/Versions/A/Frameworks/HIServices.framework/Versions/A/HIServices
0x0000000010eb8000 	/System/Library/Frameworks/ApplicationServices.framework/Versions/A/Frameworks/PrintCore.framework/Versions/A/PrintCore
0x0000000010eb8000 	/System/Library/Frameworks/ApplicationServices.framework/Versions/A/Frameworks/QD.framework/Versions/A/QD
0x0000000010eb8000 	/System/Library/Frameworks/ApplicationServices.framework/Versions/A/Frameworks/ColorSyncLegacy.framework/Versions/A/ColorSyncLegacy
0x0000000010eb8000 	/System/Library/Frameworks/ApplicationServices.framework/Versions/A/Frameworks/SpeechSynthesis.framework/Versions/A/SpeechSynthesis
0x0000000010eb8000 	/System/Library/Frameworks/ApplicationServices.framework/Versions/A/Frameworks/ATSUI.framework/Versions/A/ATSUI
0x0000000010eb8000 	/usr/lib/libcups.2.dylib
0x0000000010eb8000 	/System/Library/Frameworks/Kerberos.framework/Versions/A/Kerberos
0x0000000010eb8000 	/System/Library/Frameworks/GSS.framework/Versions/A/GSS
0x0000000010eb8000 	/usr/lib/libresolv.9.dylib
0x0000000010eb8000 	/System/Library/PrivateFrameworks/Heimdal.framework/Versions/A/Heimdal
0x0000000010eb8000 	/System/Library/Frameworks/Kerberos.framework/Versions/A/Libraries/libHeimdalProxy.dylib
0x0000000010eb8000 	/System/Library/PrivateFrameworks/CommonAuth.framework/Versions/A/CommonAuth
0x0000000010eb8000 	/System/Library/Frameworks/AVFAudio.framework/Versions/A/AVFAudio
0x0000000010eb8000 	/System/Library/PrivateFrameworks/AXCoreUtilities.framework/Versions/A/AXCoreUtilities
0x0000000010eb8000 	/System/Library/PrivateFrameworks/AudioSession.framework/Versions/A/AudioSession
0x0000000010eb8000 	/System/Library/Frameworks/IOBluetooth.framework/Versions/A/IOBluetooth
0x0000000010eb8000 	/System/Library/PrivateFrameworks/MediaExperience.framework/Versions/A/MediaExperience
0x0000000010eb8000 	/System/Library/PrivateFrameworks/AudioSession.framework/libSessionUtility.dylib
0x0000000010eb8000 	/System/Library/PrivateFrameworks/AudioResourceArbitration.framework/Versions/A/AudioResourceArbitration
0x0000000010eb8000 	/System/Library/PrivateFrameworks/PowerLog.framework/Versions/A/PowerLog
0x0000000010eb8000 	/System/Library/Frameworks/CoreBluetooth.framework/Versions/A/CoreBluetooth
0x0000000010eb8000 	/System/Library/Frameworks/AudioUnit.framework/Versions/A/AudioUnit
0x0000000010eb8000 	/System/Library/PrivateFrameworks/CoreUtils.framework/Versions/A/CoreUtils
0x0000000010eb8000 	/System/Library/PrivateFrameworks/CoreUtilsExtras.framework/Versions/A/CoreUtilsExtras
0x0000000010eb8000 	/System/Library/PrivateFrameworks/IO80211.framework/Versions/A/IO80211
0x0000000010eb8000 	/System/Library/PrivateFrameworks/IconFoundation.framework/Versions/A/IconFoundation
0x0000000010eb8000 	/System/Library/PrivateFrameworks/SpeechRecognitionCore.framework/Versions/A/SpeechRecognitionCore
0x000000010d83f000 	/Library/Java/JavaVirtualMachines/jdk1.8.0_151.jdk/Contents/Home/jre/lib/server/libjvm.dylib
0x0000000010eb8000 	/usr/lib/libstdc++.6.dylib
0x000000010c8e6000 	/Library/Java/JavaVirtualMachines/jdk1.8.0_151.jdk/Contents/Home/jre/lib/libverify.dylib
0x000000010c93a000 	/Library/Java/JavaVirtualMachines/jdk1.8.0_151.jdk/Contents/Home/jre/lib/libjava.dylib
0x000000010c90f000 	/Library/Java/JavaVirtualMachines/jdk1.8.0_151.jdk/Contents/Home/jre/lib/libzip.dylib
0x0000000010eb8000 	/System/Library/Frameworks/JavaRuntimeSupport.framework/Versions/A/JavaRuntimeSupport
0x0000000010eb8000 	/System/Library/Frameworks/Carbon.framework/Versions/A/Carbon
0x0000000010eb8000 	/System/Library/PrivateFrameworks/CoreSymbolication.framework/Versions/A/CoreSymbolication
0x0000000010eb8000 	/System/Library/Frameworks/Carbon.framework/Versions/A/Frameworks/CommonPanels.framework/Versions/A/CommonPanels
0x0000000010eb8000 	/System/Library/Frameworks/Carbon.framework/Versions/A/Frameworks/Help.framework/Versions/A/Help
0x0000000010eb8000 	/System/Library/Frameworks/Carbon.framework/Versions/A/Frameworks/ImageCapture.framework/Versions/A/ImageCapture
0x0000000010eb8000 	/System/Library/Frameworks/Carbon.framework/Versions/A/Frameworks/OpenScripting.framework/Versions/A/OpenScripting
0x0000000010eb8000 	/System/Library/Frameworks/Carbon.framework/Versions/A/Frameworks/Ink.framework/Versions/A/Ink
0x0000000010eb8000 	/System/Library/Frameworks/Carbon.framework/Versions/A/Frameworks/Print.framework/Versions/A/Print
0x0000000010eb8000 	/System/Library/Frameworks/Carbon.framework/Versions/A/Frameworks/SecurityHI.framework/Versions/A/SecurityHI
0x0000000010eb8000 	/System/Library/PrivateFrameworks/DebugSymbols.framework/Versions/A/DebugSymbols
0x0000000129c2b000 	/Library/Java/JavaVirtualMachines/jdk1.8.0_151.jdk/Contents/Home/jre/lib/libprism_es2.dylib
0x0000000010eb8000 	/System/Library/Frameworks/OpenGL.framework/Versions/A/Resources/GLEngine.bundle/GLEngine
0x0000000010eb8000 	/System/Library/Frameworks/OpenGL.framework/Versions/A/Libraries/libGLProgrammability.dylib
0x0000000129ee0000 	/System/Library/Extensions/AppleMetalOpenGLRenderer.bundle/Contents/MacOS/AppleMetalOpenGLRenderer
0x0000000010eb8000 	/System/Library/Frameworks/OpenGL.framework/Versions/A/Resources/GLRendererFloat.bundle/GLRendererFloat
0x0000000010eb8000 	/System/Library/Extensions/AGXMetalG14X.bundle/Contents/MacOS/AGXMetalG14X
0x0000000010eb8000 	/System/Library/PrivateFrameworks/GPURawCounter.framework/Versions/A/GPURawCounter
0x0000000010eb8000 	/System/Library/PrivateFrameworks/IOGPU.framework/Versions/A/IOGPU
0x000000012a1c0000 	/Library/Java/JavaVirtualMachines/jdk1.8.0_151.jdk/Contents/Home/jre/lib/libglass.dylib
0x0000000010eb8000 	/System/Library/Frameworks/FileProvider.framework/Versions/A/FileProvider
0x0000000010eb8000 	/System/Library/Frameworks/Accounts.framework/Versions/A/Accounts
0x0000000010eb8000 	/System/Library/PrivateFrameworks/UserManagement.framework/Versions/A/UserManagement
0x0000000010eb8000 	/System/Library/PrivateFrameworks/GenerationalStorage.framework/Versions/A/GenerationalStorage
0x0000000010eb8000 	/System/Library/PrivateFrameworks/SymptomDiagnosticReporter.framework/Versions/A/SymptomDiagnosticReporter
0x0000000010eb8000 	/System/Library/PrivateFrameworks/DesktopServicesPriv.framework/Versions/A/DesktopServicesPriv
0x0000000010eb8000 	/usr/lib/libsandbox.1.dylib
0x0000000010eb8000 	/System/Library/PrivateFrameworks/NetAuth.framework/Versions/A/NetAuth
0x0000000010eb8000 	/System/Library/PrivateFrameworks/Sharing.framework/Versions/A/Sharing
0x0000000010eb8000 	/System/Library/PrivateFrameworks/login.framework/Versions/A/Frameworks/loginsupport.framework/Versions/A/loginsupport
0x0000000010eb8000 	/System/Library/PrivateFrameworks/Apple80211.framework/Versions/A/Apple80211
0x0000000010eb8000 	/System/Library/PrivateFrameworks/AuthKit.framework/Versions/A/AuthKit
0x0000000010eb8000 	/System/Library/Frameworks/CoreWLAN.framework/Versions/A/CoreWLAN
0x0000000010eb8000 	/System/Library/PrivateFrameworks/CoreWiFi.framework/Versions/A/CoreWiFi
0x0000000010eb8000 	/System/Library/PrivateFrameworks/WiFiPeerToPeer.framework/Versions/A/WiFiPeerToPeer
0x0000000010eb8000 	/System/Library/PrivateFrameworks/FrontBoardServices.framework/Versions/A/FrontBoardServices
0x0000000010eb8000 	/System/Library/PrivateFrameworks/BoardServices.framework/Versions/A/BoardServices
0x0000000010eb8000 	/System/Library/PrivateFrameworks/BackBoardServices.framework/Versions/A/BackBoardServices
0x0000000010eb8000 	/System/Library/Frameworks/UserNotifications.framework/Versions/A/UserNotifications
0x0000000010eb8000 	/System/Library/PrivateFrameworks/CorePhoneNumbers.framework/Versions/A/CorePhoneNumbers
0x0000000010eb8000 	/System/Library/PrivateFrameworks/MultiverseSupport.framework/Versions/A/MultiverseSupport
0x0000000010eb8000 	/System/Library/PrivateFrameworks/RemoteServiceDiscovery.framework/Versions/A/RemoteServiceDiscovery
0x0000000010eb8000 	/System/Library/PrivateFrameworks/DiskManagement.framework/Versions/A/DiskManagement
0x0000000010eb8000 	/System/Library/PrivateFrameworks/AppleIDAuthSupport.framework/Versions/A/AppleIDAuthSupport
0x0000000010eb8000 	/System/Library/PrivateFrameworks/AAAFoundation.framework/Versions/A/AAAFoundation
0x0000000010eb8000 	/System/Library/PrivateFrameworks/KeychainCircle.framework/Versions/A/KeychainCircle
0x0000000010eb8000 	/System/Library/PrivateFrameworks/RemoteXPC.framework/Versions/A/RemoteXPC
0x0000000010eb8000 	/System/Library/PrivateFrameworks/MediaKit.framework/Versions/A/MediaKit
0x0000000010eb8000 	/System/Library/Frameworks/DiscRecording.framework/Versions/A/DiscRecording
0x0000000010eb8000 	/usr/lib/libCoreStorage.dylib
0x0000000010eb8000 	/usr/lib/libcsfde.dylib
0x0000000010eb8000 	/System/Library/PrivateFrameworks/ProtectedCloudStorage.framework/Versions/A/ProtectedCloudStorage
0x0000000010eb8000 	/System/Library/PrivateFrameworks/EFILogin.framework/Versions/A/EFILogin
0x0000000010eb8000 	/System/Library/PrivateFrameworks/OctagonTrust.framework/Versions/A/OctagonTrust
0x0000000010eb8000 	/usr/lib/libMatch.1.dylib
0x0000000010eb8000 	/System/Library/Frameworks/Accelerate.framework/Versions/A/Frameworks/vImage.framework/Versions/A/Libraries/libCGInterfaces.dylib
0x000000012c436000 	/usr/lib/libobjc-trampolines.dylib
0x0000000010eb8000 	/usr/lib/libAccessibilityBaseImplementations.dylib
0x0000000010eb8000 	/System/Library/PrivateFrameworks/FamilyControls.framework/Versions/A/FamilyControls
0x0000000010eb8000 	/System/Library/PrivateFrameworks/CommerceKit.framework/Versions/A/Frameworks/CommerceCore.framework/Versions/A/CommerceCore
0x0000000010eb8000 	/System/Library/PrivateFrameworks/SystemAdministration.framework/Versions/A/SystemAdministration
0x0000000010eb8000 	/System/Library/PrivateFrameworks/AppContainer.framework/Versions/A/AppContainer
0x0000000010eb8000 	/System/Library/PrivateFrameworks/SecCodeWrapper.framework/Versions/A/SecCodeWrapper
0x0000000010eb8000 	/System/Library/PrivateFrameworks/CrashReporterSupport.framework/Versions/A/CrashReporterSupport
0x0000000010eb8000 	/System/Library/PrivateFrameworks/OSAnalytics.framework/Versions/A/OSAnalytics
0x0000000010eb8000 	/System/Library/PrivateFrameworks/Symbolication.framework/Versions/A/Symbolication
0x0000000010eb8000 	/System/Library/PrivateFrameworks/MallocStackLogging.framework/Versions/A/MallocStackLogging
0x0000000010eb8000 	/System/Library/PrivateFrameworks/login.framework/Versions/A/login
0x0000000010eb8000 	/System/Library/Frameworks/MediaToolbox.framework/Versions/A/MediaToolbox
0x0000000010eb8000 	/System/Library/Frameworks/DirectoryService.framework/Versions/A/DirectoryService
0x0000000010eb8000 	/System/Library/PrivateFrameworks/DiskImages.framework/Versions/A/DiskImages
0x0000000010eb8000 	/System/Library/Frameworks/ServiceManagement.framework/Versions/A/ServiceManagement
0x0000000010eb8000 	/System/Library/PrivateFrameworks/LoginUIKit.framework/Versions/A/Frameworks/LoginUICore.framework/Versions/A/LoginUICore
0x0000000010eb8000 	/usr/lib/libodfde.dylib
0x0000000010eb8000 	/System/Library/PrivateFrameworks/CoreAVCHD.framework/Versions/A/CoreAVCHD
0x0000000010eb8000 	/System/Library/Frameworks/MediaAccessibility.framework/Versions/A/MediaAccessibility
0x0000000010eb8000 	/System/Library/PrivateFrameworks/Mangrove.framework/Versions/A/Mangrove
0x0000000010eb8000 	/System/Library/PrivateFrameworks/CMPhoto.framework/Versions/A/CMPhoto
0x0000000010eb8000 	/System/Library/PrivateFrameworks/AppleVPA.framework/Versions/A/AppleVPA
0x0000000010eb8000 	/System/Library/PrivateFrameworks/CoreAUC.framework/Versions/A/CoreAUC
0x0000000010eb8000 	/usr/lib/libcurl.4.dylib
0x0000000010eb8000 	/usr/lib/libcrypto.46.dylib
0x0000000010eb8000 	/usr/lib/libssl.48.dylib
0x0000000010eb8000 	/System/Library/Frameworks/LDAP.framework/Versions/A/LDAP
0x0000000010eb8000 	/System/Library/PrivateFrameworks/TrustEvaluationAgent.framework/Versions/A/TrustEvaluationAgent
0x0000000010eb8000 	/usr/lib/libsasl2.2.dylib
0x0000000010eb8000 	/System/Library/PrivateFrameworks/ViewBridge.framework/Versions/A/ViewBridge
0x000000012dc95000 	/Library/Java/JavaVirtualMachines/jdk1.8.0_151.jdk/Contents/Home/jre/lib/libjavafx_font.dylib

VM Arguments:
java_command: Base
java_class_path (initial): .
Launcher Type: SUN_STANDARD

Environment Variables:
PATH=/opt/anaconda3/bin:/opt/anaconda3/condabin:/Library/Frameworks/Python.framework/Versions/3.8/bin:/usr/local/bin:/System/Cryptexes/App/usr/bin:/usr/bin:/bin:/usr/sbin:/sbin:/Library/TeX/texbin:/Library/Frameworks/Mono.framework/Versions/Current/Commands
SHELL=/bin/bash

Signal Handlers:
SIGSEGV: [libjvm.dylib+0x5b27a5], sa_mask[0]=11111111111111111111111111111111, sa_flags=SA_ONSTACK|SA_RESTART|SA_SIGINFO
SIGBUS: [libjvm.dylib+0x5b27a5], sa_mask[0]=11111111111111111111111111111111, sa_flags=SA_RESTART|SA_SIGINFO
SIGFPE: [libjvm.dylib+0x4891c4], sa_mask[0]=11111111111111111111111111111111, sa_flags=SA_RESTART|SA_SIGINFO
SIGPIPE: [libjvm.dylib+0x4891c4], sa_mask[0]=11111111111111111111111111111111, sa_flags=SA_RESTART|SA_SIGINFO
SIGXFSZ: [libjvm.dylib+0x4891c4], sa_mask[0]=11111111111111111111111111111111, sa_flags=SA_RESTART|SA_SIGINFO
SIGILL: [libjvm.dylib+0x4891c4], sa_mask[0]=11111111111111111111111111111111, sa_flags=SA_RESTART|SA_SIGINFO
SIGUSR1: SIG_DFL, sa_mask[0]=11011111011111100000000111000110, sa_flags=none
SIGUSR2: [libjvm.dylib+0x488ce2], sa_mask[0]=00000000000000000000000000000000, sa_flags=SA_RESTART|SA_SIGINFO
SIGHUP: [libjvm.dylib+0x4872b9], sa_mask[0]=11111111111111111111111111111111, sa_flags=SA_RESTART|SA_SIGINFO
SIGINT: [libjvm.dylib+0x4872b9], sa_mask[0]=11111111111111111111111111111111, sa_flags=SA_RESTART|SA_SIGINFO
SIGTERM: [libjvm.dylib+0x4872b9], sa_mask[0]=11111111111111111111111111111111, sa_flags=SA_RESTART|SA_SIGINFO
SIGQUIT: [libjvm.dylib+0x4872b9], sa_mask[0]=11111111111111111111111111111111, sa_flags=SA_RESTART|SA_SIGINFO


---------------  S Y S T E M  ---------------

OS:Bsduname:Darwin 22.3.0 Darwin Kernel Version 22.3.0: Mon Jan 30 20:39:46 PST 2023; root:xnu-8792.81.3~2/RELEASE_ARM64_T6020 x86_64
rlimit: STACK 8176k, CORE 0k, NPROC 2666, NOFILE 10240, AS infinity
load average:1.20 1.25 1.82

CPU:total 10 (initial active 10) (1 cores per cpu, 1 threads per core) family 6 model 44 stepping 0, cmov, cx8, fxsr, mmx, sse, sse2, sse3, ssse3, sse4.1, sse4.2, popcnt, aes, clmul, tsc, tscinvbit, tscinv

Memory: 4k page, physical 16777216k(73512k free)

/proc/meminfo:


vm_info: Java HotSpot(TM) 64-Bit Server VM (25.151-b12) for bsd-amd64 JRE (1.8.0_151-b12), built on Sep  5 2017 19:37:08 by "java_re" with gcc 4.2.1 (Based on Apple Inc. build 5658) (LLVM build 2336.11.00)

time: Sat Sep 28 21:53:36 2024
elapsed time: 2 seconds (0d 0h 0m 2s)

